<?xml version="1.0" encoding="UTF-8"?>
<!-- Generated by org.testng.reporters.JUnitXMLReporter -->
<testsuite ignored="0" hostname="DESKTOP-H9871M8" failures="1" tests="2" name="ChromeTest" time="41.042" errors="0" timestamp="2026-05-03T13:37:08 IST">
  <testcase classname="testcases.Test01_AccountRegistration" name="Test01" time="4.734"/>
  <testcase classname="testcases.Test02_LoginTest" name="Test02" time="13.136">
    <failure type="java.lang.AssertionError" message="expected [true] but found [false]">
      <![CDATA[java.lang.AssertionError: expected [true] but found [false]
at testcases.Test02_LoginTest.Test02(Test02_LoginTest.java:32)
at java.base/java.util.ArrayList.forEach(ArrayList.java:1511)
... Removed 31 stack frames]]>
    </failure>
  </testcase> <!-- Test02 -->
</testsuite> <!-- ChromeTest -->
