<?xml version="1.0" encoding="UTF-8"?>
<!-- Generated by org.testng.reporters.JUnitXMLReporter -->
<testsuite ignored="0" hostname="DESKTOP-H9871M8" failures="0" tests="1" name="Test" time="0.138" errors="0" timestamp="2026-05-07T15:15:42 IST">
  <testcase classname="testBase.BaseClass" name="@BeforeClass setup" time="-1.778147141849E9">
    <failure type="org.testng.TestNGException" message="
Parameter &amp;apos;os&amp;apos; is required by BeforeClass on method setup but has not been marked @Optional or defined
in C:\Users\HP\eclipse-workspace\myproject\grid-docker.xml">
      <![CDATA[org.testng.TestNGException: 
Parameter 'os' is required by BeforeClass on method setup but has not been marked @Optional or defined
in C:\Users\HP\eclipse-workspace\myproject\grid-docker.xml
at java.base/java.util.ArrayList.forEach(ArrayList.java:1511)
... Removed 22 stack frames]]>
    </failure>
  </testcase> <!-- @BeforeClass setup -->
  <testcase classname="testBase.BaseClass" name="@AfterClass tearDown" time="-1.778147141949E9">
    <skipped/>
  </testcase> <!-- @AfterClass tearDown -->
  <testcase classname="testcases.Test01_AccountRegistration" name="Test01" time="0.0">
    <skipped/>
  </testcase> <!-- Test01 -->
</testsuite> <!-- Test -->
