<?xml version="1.0" encoding="UTF-8"?>
<testng-results ignored="0" total="2" passed="2" failed="0" skipped="0">
  <reporter-output>
  </reporter-output>
  <suite started-at="2026-05-08T10:55:42 IST" name="Master Suite" finished-at="2026-05-08T10:56:00 IST" duration-ms="17924">
    <groups>
      <group name="Master">
        <method signature="Test01_AccountRegistration.Test01()[pri:0, instance:testcases.Test01_AccountRegistration@7674b62c]" name="Test01" class="testcases.Test01_AccountRegistration"/>
        <method signature="Test02_LoginTest.Test02()[pri:0, instance:testcases.Test02_LoginTest@327af41b]" name="Test02" class="testcases.Test02_LoginTest"/>
      </group> <!-- Master -->
      <group name="Sanity">
        <method signature="Test02_LoginTest.Test02()[pri:0, instance:testcases.Test02_LoginTest@327af41b]" name="Test02" class="testcases.Test02_LoginTest"/>
      </group> <!-- Sanity -->
      <group name="Regression">
        <method signature="Test01_AccountRegistration.Test01()[pri:0, instance:testcases.Test01_AccountRegistration@7674b62c]" name="Test01" class="testcases.Test01_AccountRegistration"/>
      </group> <!-- Regression -->
    </groups>
    <test started-at="2026-05-08T10:55:42 IST" name="Test" finished-at="2026-05-08T10:56:00 IST" duration-ms="17924">
      <class name="testcases.Test02_LoginTest">
        <test-method is-config="true" signature="setup(java.lang.String,java.lang.String)[pri:0, instance:testcases.Test02_LoginTest@327af41b]" started-at="2026-05-08T10:55:54 IST" name="setup" finished-at="2026-05-08T10:55:58 IST" duration-ms="3231" status="PASS">
          <params>
            <param index="0">
              <value>
                <![CDATA[Windows]]>
              </value>
            </param>
            <param index="1">
              <value>
                <![CDATA[chrome]]>
              </value>
            </param>
          </params>
          <reporter-output>
          </reporter-output>
        </test-method> <!-- setup -->
        <test-method signature="Test02()[pri:0, instance:testcases.Test02_LoginTest@327af41b]" started-at="2026-05-08T10:55:58 IST" name="Test02" finished-at="2026-05-08T10:56:00 IST" duration-ms="2621" status="PASS">
          <reporter-output>
          </reporter-output>
        </test-method> <!-- Test02 -->
        <test-method is-config="true" signature="tearDown()[pri:0, instance:testcases.Test02_LoginTest@327af41b]" started-at="2026-05-08T10:56:00 IST" name="tearDown" finished-at="2026-05-08T10:56:00 IST" duration-ms="182" status="PASS">
          <reporter-output>
          </reporter-output>
        </test-method> <!-- tearDown -->
      </class> <!-- testcases.Test02_LoginTest -->
      <class name="testcases.Test01_AccountRegistration">
        <test-method is-config="true" signature="setup(java.lang.String,java.lang.String)[pri:0, instance:testcases.Test01_AccountRegistration@7674b62c]" started-at="2026-05-08T10:55:43 IST" name="setup" finished-at="2026-05-08T10:55:49 IST" duration-ms="6726" status="PASS">
          <params>
            <param index="0">
              <value>
                <![CDATA[Windows]]>
              </value>
            </param>
            <param index="1">
              <value>
                <![CDATA[chrome]]>
              </value>
            </param>
          </params>
          <reporter-output>
          </reporter-output>
        </test-method> <!-- setup -->
        <test-method signature="Test01()[pri:0, instance:testcases.Test01_AccountRegistration@7674b62c]" started-at="2026-05-08T10:55:50 IST" name="Test01" finished-at="2026-05-08T10:55:54 IST" duration-ms="4499" status="PASS">
          <reporter-output>
          </reporter-output>
        </test-method> <!-- Test01 -->
        <test-method is-config="true" signature="tearDown()[pri:0, instance:testcases.Test01_AccountRegistration@7674b62c]" started-at="2026-05-08T10:55:54 IST" name="tearDown" finished-at="2026-05-08T10:55:54 IST" duration-ms="324" status="PASS">
          <reporter-output>
          </reporter-output>
        </test-method> <!-- tearDown -->
      </class> <!-- testcases.Test01_AccountRegistration -->
    </test> <!-- Test -->
  </suite> <!-- Master Suite -->
</testng-results>
